#-----------------------------------------------------------
# Vivado v2016.2 (64-bit)
# SW Build 1577090 on Thu Jun  2 16:32:40 MDT 2016
# IP Build 1577682 on Fri Jun  3 12:00:54 MDT 2016
# Start of session at: Wed Jan 11 15:11:01 2017
# Process ID: 21176
# Current directory: C:/Users/user/Desktop/extension/Final vivado
# Command line: vivado.exe -gui_launcher_event rodinguilauncherevent17256 C:\Users\user\Desktop\extension\Final vivado\extension.xpr
# Log file: C:/Users/user/Desktop/extension/Final vivado/vivado.log
# Journal file: C:/Users/user/Desktop/extension/Final vivado\vivado.jou
#-----------------------------------------------------------
start_gui
open_project {C:/Users/user/Desktop/extension/Final vivado/extension.xpr}
INFO: [Project 1-313] Project file moved from 'C:/Users/user/Desktop/Final link/Final vivado' since last save.
WARNING: [Project 1-312] File not found as 'C:/Users/user/Desktop/extension/Final vivado/extension.srcs/sources_1/ip/clk_wiz_0/clk_wiz_0.xci'; using path 'C:/Users/user/Desktop/Final link/Final vivado/FinalProject.srcs/sources_1/ip/clk_wiz_0/clk_wiz_0.xci' instead.
Scanning sources...
Finished scanning sources
WARNING: [Project 1-509] GeneratedRun file for 'synth_1' not found
WARNING: [Project 1-509] GeneratedRun file for 'clk_wiz_0_synth_1' not found
WARNING: [Project 1-509] GeneratedRun file for 'impl_1' not found
INFO: [IP_Flow 19-234] Refreshing IP repositories
INFO: [IP_Flow 19-1704] No user IP repositories specified
INFO: [IP_Flow 19-2313] Loaded Vivado IP repository 'C:/Xilinx/Vivado/2016.2/data/ip'.
WARNING: [IP_Flow 19-2162] IP 'clk_wiz_0' is locked:
* IP definition 'Clocking Wizard (5.3)' for IP 'clk_wiz_0' has a different revision in the IP Catalog.
Please select 'Report IP Status' from the 'Tools/Report' menu or run Tcl command 'report_ip_status' for more information.
open_project: Time (s): cpu = 00:00:14 ; elapsed = 00:00:09 . Memory (MB): peak = 724.977 ; gain = 107.074
update_compile_order -fileset sources_1
launch_runs impl_1 -to_step write_bitstream
WARNING: [Project 1-576] IP 'C:/Users/user/Desktop/Final link/Final vivado/FinalProject.srcs/sources_1/ip/clk_wiz_0/clk_wiz_0.xci' in run clk_wiz_0_synth_1 is locked, no out-of-context (OOC) run will be launched. The run may not be able to complete.
Please select 'Report IP Status' from 'Tools/Report' or run the Tcl command 'report_ip_status' for more information.
[Wed Jan 11 15:24:15 2017] Launched clk_wiz_0_synth_1, synth_1...
Run output will be captured here:
clk_wiz_0_synth_1: C:/Users/user/Desktop/extension/Final vivado/extension.runs/clk_wiz_0_synth_1/runme.log
synth_1: C:/Users/user/Desktop/extension/Final vivado/extension.runs/synth_1/runme.log
[Wed Jan 11 15:24:15 2017] Launched impl_1...
Run output will be captured here: C:/Users/user/Desktop/extension/Final vivado/extension.runs/impl_1/runme.log
reset_run synth_1
launch_runs impl_1 -to_step write_bitstream
[Wed Jan 11 15:25:14 2017] Launched synth_1...
Run output will be captured here: C:/Users/user/Desktop/extension/Final vivado/extension.runs/synth_1/runme.log
[Wed Jan 11 15:25:14 2017] Launched impl_1...
Run output will be captured here: C:/Users/user/Desktop/extension/Final vivado/extension.runs/impl_1/runme.log
open_hw
connect_hw_server
INFO: [Labtools 27-2285] Connecting to hw_server url TCP:localhost:3121
INFO: [Labtools 27-2222] Launching hw_server...
INFO: [Labtools 27-2221] Launch Output:

****** Xilinx hw_server v2016.2
  **** Build date : Jun  2 2016-16:57:03
    ** Copyright 1986-2016 Xilinx, Inc. All Rights Reserved.


connect_hw_server: Time (s): cpu = 00:00:00 ; elapsed = 00:00:07 . Memory (MB): peak = 783.465 ; gain = 0.000
open_hw_target
INFO: [Labtoolstcl 44-466] Opening hw_target localhost:3121/xilinx_tcf/Digilent/210183A286B4A
set_property PROGRAM.FILE {C:/Users/user/Desktop/extension/Final vivado/extension.runs/impl_1/TrafficLight.bit} [lindex [get_hw_devices] 0]
current_hw_device [lindex [get_hw_devices] 0]
refresh_hw_device -update_hw_probes false [lindex [get_hw_devices] 0]
INFO: [Labtools 27-1434] Device xc7a35t (JTAG device index = 0) is programmed with a design that has no supported debug core(s) in it.
WARNING: [Labtools 27-3123] The debug hub core was not detected at User Scan Chain 1 or 3.
Resolution: 
1. Make sure the clock connected to the debug hub (dbg_hub) core is a free running clock and is active OR
2. Manually launch hw_server with -e "set xsdb-user-bscan <C_USER_SCAN_CHAIN scan_chain_number>" to detect the debug hub at User Scan Chain of 2 or 4. To determine the user scan chain setting, open the implemented design and use: get_property C_USER_SCAN_CHAIN [get_debug_cores dbg_hub].
set_property PROBES.FILE {} [lindex [get_hw_devices] 0]
set_property PROGRAM.FILE {C:/Users/user/Desktop/extension/Final vivado/extension.runs/impl_1/TrafficLight.bit} [lindex [get_hw_devices] 0]
program_hw_devices [lindex [get_hw_devices] 0]
INFO: [Labtools 27-3164] End of startup status: HIGH
refresh_hw_device [lindex [get_hw_devices] 0]
INFO: [Labtools 27-1434] Device xc7a35t (JTAG device index = 0) is programmed with a design that has no supported debug core(s) in it.
WARNING: [Labtools 27-3123] The debug hub core was not detected at User Scan Chain 1 or 3.
Resolution: 
1. Make sure the clock connected to the debug hub (dbg_hub) core is a free running clock and is active OR
2. Manually launch hw_server with -e "set xsdb-user-bscan <C_USER_SCAN_CHAIN scan_chain_number>" to detect the debug hub at User Scan Chain of 2 or 4. To determine the user scan chain setting, open the implemented design and use: get_property C_USER_SCAN_CHAIN [get_debug_cores dbg_hub].
reset_run synth_1
launch_runs impl_1 -to_step write_bitstream
[Wed Jan 11 15:46:27 2017] Launched synth_1...
Run output will be captured here: C:/Users/user/Desktop/extension/Final vivado/extension.runs/synth_1/runme.log
[Wed Jan 11 15:46:27 2017] Launched impl_1...
Run output will be captured here: C:/Users/user/Desktop/extension/Final vivado/extension.runs/impl_1/runme.log
set_property PROBES.FILE {} [lindex [get_hw_devices] 0]
set_property PROGRAM.FILE {C:/Users/user/Desktop/extension/Final vivado/extension.runs/impl_1/TrafficLight.bit} [lindex [get_hw_devices] 0]
program_hw_devices [lindex [get_hw_devices] 0]
INFO: [Labtools 27-3164] End of startup status: HIGH
refresh_hw_device [lindex [get_hw_devices] 0]
INFO: [Labtools 27-1434] Device xc7a35t (JTAG device index = 0) is programmed with a design that has no supported debug core(s) in it.
WARNING: [Labtools 27-3123] The debug hub core was not detected at User Scan Chain 1 or 3.
Resolution: 
1. Make sure the clock connected to the debug hub (dbg_hub) core is a free running clock and is active OR
2. Manually launch hw_server with -e "set xsdb-user-bscan <C_USER_SCAN_CHAIN scan_chain_number>" to detect the debug hub at User Scan Chain of 2 or 4. To determine the user scan chain setting, open the implemented design and use: get_property C_USER_SCAN_CHAIN [get_debug_cores dbg_hub].
reset_run synth_1
launch_runs impl_1 -to_step write_bitstream
[Wed Jan 11 15:56:23 2017] Launched synth_1...
Run output will be captured here: C:/Users/user/Desktop/extension/Final vivado/extension.runs/synth_1/runme.log
[Wed Jan 11 15:56:23 2017] Launched impl_1...
Run output will be captured here: C:/Users/user/Desktop/extension/Final vivado/extension.runs/impl_1/runme.log
set_property PROBES.FILE {} [lindex [get_hw_devices] 0]
set_property PROGRAM.FILE {C:/Users/user/Desktop/extension/Final vivado/extension.runs/impl_1/TrafficLight.bit} [lindex [get_hw_devices] 0]
program_hw_devices [lindex [get_hw_devices] 0]
INFO: [Labtools 27-3164] End of startup status: HIGH
refresh_hw_device [lindex [get_hw_devices] 0]
INFO: [Labtools 27-1434] Device xc7a35t (JTAG device index = 0) is programmed with a design that has no supported debug core(s) in it.
WARNING: [Labtools 27-3123] The debug hub core was not detected at User Scan Chain 1 or 3.
Resolution: 
1. Make sure the clock connected to the debug hub (dbg_hub) core is a free running clock and is active OR
2. Manually launch hw_server with -e "set xsdb-user-bscan <C_USER_SCAN_CHAIN scan_chain_number>" to detect the debug hub at User Scan Chain of 2 or 4. To determine the user scan chain setting, open the implemented design and use: get_property C_USER_SCAN_CHAIN [get_debug_cores dbg_hub].
reset_run impl_1 -prev_step 
launch_runs impl_1 -to_step write_bitstream
WARNING: [Vivado 12-872] Run step 'Design Initialization' is out-of-date.
[Wed Jan 11 16:05:06 2017] Launched impl_1...
Run output will be captured here: C:/Users/user/Desktop/extension/Final vivado/extension.runs/impl_1/runme.log
reset_run synth_1
launch_runs impl_1 -to_step write_bitstream
[Wed Jan 11 16:06:24 2017] Launched synth_1...
Run output will be captured here: C:/Users/user/Desktop/extension/Final vivado/extension.runs/synth_1/runme.log
[Wed Jan 11 16:06:24 2017] Launched impl_1...
Run output will be captured here: C:/Users/user/Desktop/extension/Final vivado/extension.runs/impl_1/runme.log
reset_run synth_1
launch_runs impl_1 -to_step write_bitstream
[Wed Jan 11 16:07:07 2017] Launched synth_1...
Run output will be captured here: C:/Users/user/Desktop/extension/Final vivado/extension.runs/synth_1/runme.log
[Wed Jan 11 16:07:07 2017] Launched impl_1...
Run output will be captured here: C:/Users/user/Desktop/extension/Final vivado/extension.runs/impl_1/runme.log
reset_run synth_1 -noclean_dir 
launch_runs impl_1 -to_step write_bitstream
[Wed Jan 11 16:09:30 2017] Launched synth_1...
Run output will be captured here: C:/Users/user/Desktop/extension/Final vivado/extension.runs/synth_1/runme.log
[Wed Jan 11 16:09:30 2017] Launched impl_1...
Run output will be captured here: C:/Users/user/Desktop/extension/Final vivado/extension.runs/impl_1/runme.log
set_property PROBES.FILE {} [lindex [get_hw_devices] 0]
set_property PROGRAM.FILE {C:/Users/user/Desktop/extension/Final vivado/extension.runs/impl_1/TrafficLight.bit} [lindex [get_hw_devices] 0]
program_hw_devices [lindex [get_hw_devices] 0]
INFO: [Labtools 27-3164] End of startup status: HIGH
refresh_hw_device [lindex [get_hw_devices] 0]
INFO: [Labtools 27-1434] Device xc7a35t (JTAG device index = 0) is programmed with a design that has no supported debug core(s) in it.
WARNING: [Labtools 27-3123] The debug hub core was not detected at User Scan Chain 1 or 3.
Resolution: 
1. Make sure the clock connected to the debug hub (dbg_hub) core is a free running clock and is active OR
2. Manually launch hw_server with -e "set xsdb-user-bscan <C_USER_SCAN_CHAIN scan_chain_number>" to detect the debug hub at User Scan Chain of 2 or 4. To determine the user scan chain setting, open the implemented design and use: get_property C_USER_SCAN_CHAIN [get_debug_cores dbg_hub].
reset_run synth_1
launch_runs impl_1 -to_step write_bitstream
[Wed Jan 11 16:19:24 2017] Launched synth_1...
Run output will be captured here: C:/Users/user/Desktop/extension/Final vivado/extension.runs/synth_1/runme.log
[Wed Jan 11 16:19:24 2017] Launched impl_1...
Run output will be captured here: C:/Users/user/Desktop/extension/Final vivado/extension.runs/impl_1/runme.log
reset_run impl_1 -prev_step 
launch_runs impl_1 -to_step write_bitstream
[Wed Jan 11 16:25:41 2017] Launched impl_1...
Run output will be captured here: C:/Users/user/Desktop/extension/Final vivado/extension.runs/impl_1/runme.log
reset_run synth_1
launch_runs impl_1 -to_step write_bitstream
[Wed Jan 11 16:27:31 2017] Launched synth_1...
Run output will be captured here: C:/Users/user/Desktop/extension/Final vivado/extension.runs/synth_1/runme.log
[Wed Jan 11 16:27:31 2017] Launched impl_1...
Run output will be captured here: C:/Users/user/Desktop/extension/Final vivado/extension.runs/impl_1/runme.log
set_property PROBES.FILE {} [lindex [get_hw_devices] 0]
set_property PROGRAM.FILE {C:/Users/user/Desktop/extension/Final vivado/extension.runs/impl_1/TrafficLight.bit} [lindex [get_hw_devices] 0]
program_hw_devices [lindex [get_hw_devices] 0]
INFO: [Labtools 27-3164] End of startup status: HIGH
refresh_hw_device [lindex [get_hw_devices] 0]
INFO: [Labtools 27-1434] Device xc7a35t (JTAG device index = 0) is programmed with a design that has no supported debug core(s) in it.
WARNING: [Labtools 27-3123] The debug hub core was not detected at User Scan Chain 1 or 3.
Resolution: 
1. Make sure the clock connected to the debug hub (dbg_hub) core is a free running clock and is active OR
2. Manually launch hw_server with -e "set xsdb-user-bscan <C_USER_SCAN_CHAIN scan_chain_number>" to detect the debug hub at User Scan Chain of 2 or 4. To determine the user scan chain setting, open the implemented design and use: get_property C_USER_SCAN_CHAIN [get_debug_cores dbg_hub].
reset_run synth_1
launch_runs impl_1 -to_step write_bitstream
[Wed Jan 11 16:39:13 2017] Launched synth_1...
Run output will be captured here: C:/Users/user/Desktop/extension/Final vivado/extension.runs/synth_1/runme.log
[Wed Jan 11 16:39:13 2017] Launched impl_1...
Run output will be captured here: C:/Users/user/Desktop/extension/Final vivado/extension.runs/impl_1/runme.log
set_property PROBES.FILE {} [lindex [get_hw_devices] 0]
set_property PROGRAM.FILE {C:/Users/user/Desktop/extension/Final vivado/extension.runs/impl_1/TrafficLight.bit} [lindex [get_hw_devices] 0]
program_hw_devices [lindex [get_hw_devices] 0]
INFO: [Labtools 27-3164] End of startup status: HIGH
refresh_hw_device [lindex [get_hw_devices] 0]
INFO: [Labtools 27-1434] Device xc7a35t (JTAG device index = 0) is programmed with a design that has no supported debug core(s) in it.
WARNING: [Labtools 27-3123] The debug hub core was not detected at User Scan Chain 1 or 3.
Resolution: 
1. Make sure the clock connected to the debug hub (dbg_hub) core is a free running clock and is active OR
2. Manually launch hw_server with -e "set xsdb-user-bscan <C_USER_SCAN_CHAIN scan_chain_number>" to detect the debug hub at User Scan Chain of 2 or 4. To determine the user scan chain setting, open the implemented design and use: get_property C_USER_SCAN_CHAIN [get_debug_cores dbg_hub].
reset_run synth_1
launch_runs impl_1 -to_step write_bitstream
[Wed Jan 11 16:47:17 2017] Launched synth_1...
Run output will be captured here: C:/Users/user/Desktop/extension/Final vivado/extension.runs/synth_1/runme.log
[Wed Jan 11 16:47:17 2017] Launched impl_1...
Run output will be captured here: C:/Users/user/Desktop/extension/Final vivado/extension.runs/impl_1/runme.log
set_property PROBES.FILE {} [lindex [get_hw_devices] 0]
set_property PROGRAM.FILE {C:/Users/user/Desktop/extension/Final vivado/extension.runs/impl_1/TrafficLight.bit} [lindex [get_hw_devices] 0]
program_hw_devices [lindex [get_hw_devices] 0]
INFO: [Labtools 27-3164] End of startup status: HIGH
refresh_hw_device [lindex [get_hw_devices] 0]
INFO: [Labtools 27-1434] Device xc7a35t (JTAG device index = 0) is programmed with a design that has no supported debug core(s) in it.
WARNING: [Labtools 27-3123] The debug hub core was not detected at User Scan Chain 1 or 3.
Resolution: 
1. Make sure the clock connected to the debug hub (dbg_hub) core is a free running clock and is active OR
2. Manually launch hw_server with -e "set xsdb-user-bscan <C_USER_SCAN_CHAIN scan_chain_number>" to detect the debug hub at User Scan Chain of 2 or 4. To determine the user scan chain setting, open the implemented design and use: get_property C_USER_SCAN_CHAIN [get_debug_cores dbg_hub].
ERROR: [Labtoolstcl 44-513] HW Target shutdown. Closing target: localhost:3121/xilinx_tcf/Digilent/210183A286B4A
ERROR: [Labtoolstcl 44-514] HW Server shutdown. Disconnecting from server: localhost:3121
