#-----------------------------------------------------------
# Vivado v2016.2 (64-bit)
# SW Build 1577090 on Thu Jun  2 16:32:40 MDT 2016
# IP Build 1577682 on Fri Jun  3 12:00:54 MDT 2016
# Start of session at: Wed Jan 11 16:48:27 2017
# Process ID: 18020
# Current directory: C:/Users/user/Desktop/Final link/Final vivado
# Command line: vivado.exe -gui_launcher_event rodinguilauncherevent21808 C:\Users\user\Desktop\Final link\Final vivado\FinalProject.xpr
# Log file: C:/Users/user/Desktop/Final link/Final vivado/vivado.log
# Journal file: C:/Users/user/Desktop/Final link/Final vivado\vivado.jou
#-----------------------------------------------------------
start_gui
open_project {C:/Users/user/Desktop/Final link/Final vivado/FinalProject.xpr}
Scanning sources...
Finished scanning sources
INFO: [IP_Flow 19-234] Refreshing IP repositories
INFO: [IP_Flow 19-1704] No user IP repositories specified
INFO: [IP_Flow 19-2313] Loaded Vivado IP repository 'C:/Xilinx/Vivado/2016.2/data/ip'.
WARNING: [IP_Flow 19-2162] IP 'clk_wiz_0' is locked:
* IP definition 'Clocking Wizard (5.3)' for IP 'clk_wiz_0' has a different revision in the IP Catalog.
Please select 'Report IP Status' from the 'Tools/Report' menu or run Tcl command 'report_ip_status' for more information.
open_project: Time (s): cpu = 00:00:22 ; elapsed = 00:00:12 . Memory (MB): peak = 788.809 ; gain = 121.309
update_compile_order -fileset sources_1
exit
